[debug] [2019-09-27T15:22:23.945Z] ----------------------------------------------------------------------
[debug] [2019-09-27T15:22:23.947Z] Command:       C:\Program Files\nodejs\node.exe C:\Users\hryhory.lebedzev\AppData\Roaming\npm\node_modules\firebase-tools\lib\bin\firebase.js deploy --only functions:resetDailyGoals
[debug] [2019-09-27T15:22:23.948Z] CLI Version:   7.4.0
[debug] [2019-09-27T15:22:23.948Z] Platform:      win32
[debug] [2019-09-27T15:22:23.948Z] Node Version:  v8.11.1
[debug] [2019-09-27T15:22:23.948Z] Time:          Fri Sep 27 2019 18:22:23 GMT+0300 (Russia TZ 2 Standard Time)
[debug] [2019-09-27T15:22:23.948Z] ----------------------------------------------------------------------
[debug] 
[debug] [2019-09-27T15:22:23.959Z] > command requires scopes: ["email","openid","https://www.googleapis.com/auth/cloudplatformprojects.readonly","https://www.googleapis.com/auth/firebase","https://www.googleapis.com/auth/cloud-platform"]
[debug] [2019-09-27T15:22:23.959Z] > authorizing via signed-in user
[debug] [2019-09-27T15:22:23.959Z] [iam] checking project gisfit-production for permissions ["cloudfunctions.functions.create","cloudfunctions.functions.delete","cloudfunctions.functions.get","cloudfunctions.functions.list","cloudfunctions.functions.update","cloudfunctions.operations.get","firebase.projects.get"]
[debug] [2019-09-27T15:22:23.961Z] > refreshing access token with scopes: ["email","https://www.googleapis.com/auth/cloud-platform","https://www.googleapis.com/auth/cloudplatformprojects.readonly","https://www.googleapis.com/auth/firebase","openid"]
[debug] [2019-09-27T15:22:23.962Z] >>> HTTP REQUEST POST https://www.googleapis.com/oauth2/v3/token  
 <request body omitted>
[debug] [2019-09-27T15:22:24.163Z] <<< HTTP RESPONSE 200
[debug] [2019-09-27T15:22:24.177Z] >>> HTTP REQUEST POST https://cloudresourcemanager.googleapis.com/v1/projects/gisfit-production:testIamPermissions  

[debug] [2019-09-27T15:22:25.142Z] <<< HTTP RESPONSE 200
[info] 
[info] === Deploying to 'gisfit-production'...
[info] 
[info] i  deploying functions
[info] Running command: npm --prefix "$RESOURCE_DIR" run lint
